<?xml version="1.0" encoding="UTF-8"?>
<testng-results skipped="0" failed="0" total="1" passed="1">
  <reporter-output>
  </reporter-output>
  <suite name="Default suite" duration-ms="13519" started-at="2020-08-06T13:44:29Z" finished-at="2020-08-06T13:44:43Z">
    <groups>
    </groups>
    <test name="Default test" duration-ms="13519" started-at="2020-08-06T13:44:29Z" finished-at="2020-08-06T13:44:43Z">
      <class name="screenShots.TestScreenShots">
        <test-method status="PASS" signature="Browser()[pri:0, instance:screenShots.TestScreenShots@5f150435]" name="Browser" duration-ms="13478" started-at="2020-08-06T19:14:30Z" finished-at="2020-08-06T19:14:43Z">
          <reporter-output>
          </reporter-output>
        </test-method> <!-- Browser -->
      </class> <!-- screenShots.TestScreenShots -->
    </test> <!-- Default test -->
  </suite> <!-- Default suite -->
</testng-results>
