<?xml version="1.0" encoding="UTF-8"?>
<testng-results skipped="0" failed="0" total="1" passed="1">
  <reporter-output>
  </reporter-output>
  <suite name="Default suite" duration-ms="15135" started-at="2020-08-06T14:55:16Z" finished-at="2020-08-06T14:55:31Z">
    <groups>
    </groups>
    <test name="Default test" duration-ms="15135" started-at="2020-08-06T14:55:16Z" finished-at="2020-08-06T14:55:31Z">
      <class name="screenShots.ScreenShotDemo">
        <test-method status="PASS" signature="Browser()[pri:0, instance:screenShots.ScreenShotDemo@3ecf72fd]" name="Browser" duration-ms="14312" started-at="2020-08-06T20:25:16Z" finished-at="2020-08-06T20:25:30Z">
          <reporter-output>
          </reporter-output>
        </test-method> <!-- Browser -->
        <test-method status="PASS" signature="tearDown(org.testng.ITestResult)[pri:0, instance:screenShots.ScreenShotDemo@3ecf72fd]" name="tearDown" is-config="true" duration-ms="798" started-at="2020-08-06T20:25:30Z" finished-at="2020-08-06T20:25:31Z">
          <params>
            <param index="0">
              <value>
                <![CDATA[[TestResult name=Browser status=SUCCESS method=ScreenShotDemo.Browser()[pri:0, instance:screenShots.ScreenShotDemo@3ecf72fd] output={null}]]]>
              </value>
            </param>
          </params>
          <reporter-output>
          </reporter-output>
        </test-method> <!-- tearDown -->
      </class> <!-- screenShots.ScreenShotDemo -->
    </test> <!-- Default test -->
  </suite> <!-- Default suite -->
</testng-results>
